<?xml version="1.0" encoding="UTF-8"?>
<!-- Generated by org.testng.reporters.JUnitXMLReporter -->
<testsuite hostname="QR005" name="Default test" tests="10" failures="0" timestamp="18 Dec 2017 12:20:17 GMT" time="2.468" errors="0">
  <testcase name="testDeleteMonomer" time="0.332" classname="org.helm.monomerservice.RestMonomerTest"/>
  <testcase name="testInserOrUpdateMonomer" time="0.234" classname="org.helm.monomerservice.RestMonomerTest"/>
  <testcase name="testMonomerDetail" time="0.025" classname="org.helm.monomerservice.RestMonomerTest"/>
  <testcase name="testMonomerPagination" time="0.042" classname="org.helm.monomerservice.RestMonomerTest"/>
  <testcase name="testShowAllMonomers" time="0.311" classname="org.helm.monomerservice.RestMonomerTest"/>
  <testcase name="testShowAllMonomersByMonomerType" time="0.06" classname="org.helm.monomerservice.RestMonomerTest"/>
  <testcase name="testShowAllMonomersByType" time="0.044" classname="org.helm.monomerservice.RestMonomerTest"/>
  <testcase name="testShowFilteredMonomers" time="0.026" classname="org.helm.monomerservice.RestMonomerTest"/>
  <testcase name="testUpdateMonomer" time="0.081" classname="org.helm.monomerservice.RestMonomerTest"/>
  <testcase name="testUpdateMonomerName" time="0.056" classname="org.helm.monomerservice.RestMonomerTest"/>
</testsuite> <!-- Default test -->
