<?xml version="1.0" encoding="UTF-8"?>
<!-- Generated by org.testng.reporters.JUnitXMLReporter -->
<testsuite hostname="qr004" name="Default test" tests="5" failures="0" timestamp="25 Sep 2017 14:17:53 GMT" time="1.706" errors="0">
  <testcase name="testAddRule" time="0.732" classname="org.helm.monomerservice.RestRuleTest"/>
  <testcase name="testDeleteRule" time="0.02" classname="org.helm.monomerservice.RestRuleTest"/>
  <testcase name="testShowAllRules" time="0.088" classname="org.helm.monomerservice.RestRuleTest"/>
  <testcase name="testShowRule" time="0.031" classname="org.helm.monomerservice.RestRuleTest"/>
  <testcase name="testUpdateRule" time="0.04" classname="org.helm.monomerservice.RestRuleTest"/>
</testsuite> <!-- Default test -->
