<?xml version="1.0" encoding="UTF-8"?>
<testng-results skipped="0" failed="0" total="1" passed="1">
  <reporter-output>
  </reporter-output>
  <suite name="Default suite" duration-ms="1012" started-at="2018-01-16T11:55:49Z" finished-at="2018-01-16T11:55:50Z">
    <groups>
    </groups>
    <test name="Default test" duration-ms="1012" started-at="2018-01-16T11:55:49Z" finished-at="2018-01-16T11:55:50Z">
      <class name="org.helm.monomerservice.RestRuleTest">
        <test-method status="PASS" signature="startServer()[pri:0, instance:org.helm.monomerservice.RestRuleTest@6453bfb7]" name="startServer" is-config="true" duration-ms="506" started-at="2018-01-16T12:55:49Z" finished-at="2018-01-16T12:55:50Z">
          <reporter-output>
          </reporter-output>
        </test-method> <!-- startServer -->
        <test-method status="PASS" signature="testAddRule()[pri:0, instance:org.helm.monomerservice.RestRuleTest@6453bfb7]" name="testAddRule" duration-ms="481" started-at="2018-01-16T12:55:50Z" finished-at="2018-01-16T12:55:50Z">
          <reporter-output>
          </reporter-output>
        </test-method> <!-- testAddRule -->
        <test-method status="PASS" signature="stopServer()[pri:0, instance:org.helm.monomerservice.RestRuleTest@6453bfb7]" name="stopServer" is-config="true" duration-ms="11" started-at="2018-01-16T12:55:50Z" finished-at="2018-01-16T12:55:50Z">
          <reporter-output>
          </reporter-output>
        </test-method> <!-- stopServer -->
      </class> <!-- org.helm.monomerservice.RestRuleTest -->
    </test> <!-- Default test -->
  </suite> <!-- Default suite -->
</testng-results>
